C:\USERS\WHASHIMO\DESKTOP\SERVER-CLIENT(小) 改良版2\20150717BILATERAL-CLIENT\DEBUG\CONNECT.OBJ
C:\USERS\WHASHIMO\DESKTOP\SERVER-CLIENT(小) 改良版2\20150717BILATERAL-CLIENT\DEBUG\MAIN.OBJ
C:\USERS\WHASHIMO\DESKTOP\SERVER-CLIENT(小) 改良版2\20150717BILATERAL-CLIENT\DEBUG\SOCKET.OBJ
C:\USERS\WHASHIMO\DESKTOP\SERVER-CLIENT(小) 改良版2\20150717BILATERAL-CLIENT\DEBUG\VC110.PDB
C:\USERS\WHASHIMO\DESKTOP\SERVER-CLIENT(小) 改良版2\20150717BILATERAL-CLIENT\DEBUG\DRAFTING.ILK
C:\USERS\WHASHIMO\DESKTOP\SERVER-CLIENT(小) 改良版2\20150717BILATERAL-CLIENT\DEBUG\DRAFTING.EXE
C:\USERS\WHASHIMO\DESKTOP\SERVER-CLIENT(小) 改良版2\20150717BILATERAL-CLIENT\DEBUG\DRAFTING.PDB
C:\Users\whashimo\Desktop\Server-Client(小) 改良版2\20150717bilateral-client\Debug\connect.obj
C:\Users\whashimo\Desktop\Server-Client(小) 改良版2\20150717bilateral-client\Debug\main.obj
C:\Users\whashimo\Desktop\Server-Client(小) 改良版2\20150717bilateral-client\Debug\socket.obj
C:\Users\whashimo\Desktop\Server-Client(小) 改良版2\20150717bilateral-client\Debug\drafting.ilk
C:\Users\whashimo\Desktop\Server-Client(小) 改良版2\20150717bilateral-client\Debug\cl.command.1.tlog
C:\Users\whashimo\Desktop\Server-Client(小) 改良版2\20150717bilateral-client\Debug\CL.read.1.tlog
C:\Users\whashimo\Desktop\Server-Client(小) 改良版2\20150717bilateral-client\Debug\CL.write.1.tlog
C:\Users\whashimo\Desktop\Server-Client(小) 改良版2\20150717bilateral-client\Debug\link-cvtres.read.1.tlog
C:\Users\whashimo\Desktop\Server-Client(小) 改良版2\20150717bilateral-client\Debug\link-cvtres.write.1.tlog
C:\Users\whashimo\Desktop\Server-Client(小) 改良版2\20150717bilateral-client\Debug\link-rc.read.1.tlog
C:\Users\whashimo\Desktop\Server-Client(小) 改良版2\20150717bilateral-client\Debug\link-rc.write.1.tlog
C:\Users\whashimo\Desktop\Server-Client(小) 改良版2\20150717bilateral-client\Debug\link.command.1.tlog
C:\Users\whashimo\Desktop\Server-Client(小) 改良版2\20150717bilateral-client\Debug\link.read.1.tlog
C:\Users\whashimo\Desktop\Server-Client(小) 改良版2\20150717bilateral-client\Debug\link.write.1.tlog
C:\Users\whashimo\Desktop\Server-Client(小) 改良版2\20150717bilateral-client\Debug\vc110.idb
C:\Users\whashimo\Desktop\Server-Client(小) 改良版2\20150717bilateral-client\Debug\drafting.pdb
C:\Users\whashimo\Desktop\Server-Client(小) 改良版2\20150717bilateral-client\Debug\vc110.pdb
C:\Users\whashimo\Desktop\Server-Client(小) 改良版2\20150717bilateral-client\Debug\drafting.exe
