C:\USERS\WHASHIMO\DESKTOP\SERVER-CLIENT(小) 改良版\20150629BILATERAL-SERVER\DEBUG\CONNECT.OBJ
C:\USERS\WHASHIMO\DESKTOP\SERVER-CLIENT(小) 改良版\20150629BILATERAL-SERVER\DEBUG\MAIN.OBJ
C:\USERS\WHASHIMO\DESKTOP\SERVER-CLIENT(小) 改良版\20150629BILATERAL-SERVER\DEBUG\SOCKET.OBJ
C:\USERS\WHASHIMO\DESKTOP\SERVER-CLIENT(小) 改良版\20150629BILATERAL-SERVER\DEBUG\VC110.PDB
C:\USERS\WHASHIMO\DESKTOP\SERVER-CLIENT(小) 改良版\20150629BILATERAL-SERVER\DEBUG\DRAFTING.ILK
C:\USERS\WHASHIMO\DESKTOP\SERVER-CLIENT(小) 改良版\20150629BILATERAL-SERVER\DEBUG\DRAFTING.EXE
C:\USERS\WHASHIMO\DESKTOP\SERVER-CLIENT(小) 改良版\20150629BILATERAL-SERVER\DEBUG\DRAFTING.PDB
C:\Users\whashimo\Desktop\Server-Client(小) 改良版\20150629bilateral-server\Debug\connect.obj
C:\Users\whashimo\Desktop\Server-Client(小) 改良版\20150629bilateral-server\Debug\main.obj
C:\Users\whashimo\Desktop\Server-Client(小) 改良版\20150629bilateral-server\Debug\socket.obj
C:\Users\whashimo\Desktop\Server-Client(小) 改良版\20150629bilateral-server\Debug\drafting.ilk
C:\Users\whashimo\Desktop\Server-Client(小) 改良版\20150629bilateral-server\Debug\cl.command.1.tlog
C:\Users\whashimo\Desktop\Server-Client(小) 改良版\20150629bilateral-server\Debug\CL.read.1.tlog
C:\Users\whashimo\Desktop\Server-Client(小) 改良版\20150629bilateral-server\Debug\CL.write.1.tlog
C:\Users\whashimo\Desktop\Server-Client(小) 改良版\20150629bilateral-server\Debug\link-cvtres.read.1.tlog
C:\Users\whashimo\Desktop\Server-Client(小) 改良版\20150629bilateral-server\Debug\link-cvtres.write.1.tlog
C:\Users\whashimo\Desktop\Server-Client(小) 改良版\20150629bilateral-server\Debug\link-rc.read.1.tlog
C:\Users\whashimo\Desktop\Server-Client(小) 改良版\20150629bilateral-server\Debug\link-rc.write.1.tlog
C:\Users\whashimo\Desktop\Server-Client(小) 改良版\20150629bilateral-server\Debug\link.command.1.tlog
C:\Users\whashimo\Desktop\Server-Client(小) 改良版\20150629bilateral-server\Debug\link.read.1.tlog
C:\Users\whashimo\Desktop\Server-Client(小) 改良版\20150629bilateral-server\Debug\link.write.1.tlog
C:\Users\whashimo\Desktop\Server-Client(小) 改良版\20150629bilateral-server\Debug\vc110.idb
C:\Users\whashimo\Desktop\Server-Client(小) 改良版\20150629bilateral-server\Debug\drafting.pdb
C:\Users\whashimo\Desktop\Server-Client(小) 改良版\20150629bilateral-server\Debug\vc110.pdb
C:\Users\whashimo\Desktop\Server-Client(小) 改良版\20150629bilateral-server\Debug\drafting.exe
